<?xml version="1.0" encoding="UTF-8"?>
<!-- Generated by org.testng.reporters.JUnitReportReporter -->
<testsuite hostname="Metalok" failures="0" tests="1" name="Practice.AboutLogMethod" time="1.578" errors="0" timestamp="2024-04-27T00:09:23 IST" skipped="0">
  <testcase classname="Practice.AboutLogMethod" name="logMethod" time="1.578"/>
</testsuite> <!-- Practice.AboutLogMethod -->
