<?xml version="1.0" encoding="UTF-8"?>
<!-- Generated by org.testng.reporters.JUnitReportReporter -->
<testsuite hostname="Metalok" failures="0" tests="1" name="AllRequests.GetSingleUser" time="2.618" errors="0" timestamp="2024-04-05T20:28:14 IST" skipped="0">
  <testcase classname="AllRequests.GetSingleUser" name="getSingleuser" time="2.618"/>
</testsuite> <!-- AllRequests.GetSingleUser -->
