<?xml version="1.0" encoding="UTF-8"?>
<!-- Generated by org.testng.reporters.JUnitReportReporter -->
<testsuite hostname="Metalok" failures="0" tests="1" name="Practice.Create_User" time="2.632" errors="0" timestamp="2024-04-22T14:22:24 IST" skipped="0">
  <testcase classname="Practice.Create_User" name="createUser" time="2.632"/>
</testsuite> <!-- Practice.Create_User -->
