<?xml version="1.0" encoding="UTF-8"?>
<!-- Generated by org.testng.reporters.JUnitReportReporter -->
<testsuite hostname="Metalok" failures="0" tests="5" name="Practice.AllEndToEnd" time="3.250" errors="0" timestamp="2024-04-22T22:37:16 IST" skipped="0">
  <testcase classname="Practice.AllEndToEnd" name="getSingleUser" time="1.377"/>
  <testcase classname="Practice.AllEndToEnd" name="GetAllUsers" time="0.086"/>
  <testcase classname="Practice.AllEndToEnd" name="createUser" time="1.055"/>
  <testcase classname="Practice.AllEndToEnd" name="update" time="0.362"/>
  <testcase classname="Practice.AllEndToEnd" name="delete" time="0.370"/>
</testsuite> <!-- Practice.AllEndToEnd -->
