<?xml version="1.0" encoding="UTF-8"?>
<!-- Generated by org.testng.reporters.JUnitReportReporter -->
<testsuite hostname="Metalok" failures="0" tests="2" name="Practice.CreatingPOSTusingHashmap" time="3.668" errors="0" timestamp="2024-04-22T23:39:52 IST" skipped="0">
  <testcase classname="Practice.CreatingPOSTusingHashmap" name="createUser" time="3.136"/>
  <testcase classname="Practice.CreatingPOSTusingHashmap" name="deleteUser" time="0.532"/>
</testsuite> <!-- Practice.CreatingPOSTusingHashmap -->
