<?xml version="1.0" encoding="UTF-8"?>
<!-- Generated by org.testng.reporters.JUnitReportReporter -->
<testsuite hostname="Metalok" failures="0" tests="1" name="Practice.GetSingleUser" time="1.745" errors="0" timestamp="2024-04-22T14:09:54 IST" skipped="0">
  <testcase classname="Practice.GetSingleUser" name="getSingleUser" time="1.745"/>
</testsuite> <!-- Practice.GetSingleUser -->
