<?xml version="1.0" encoding="UTF-8"?>
<!-- Generated by org.testng.reporters.JUnitReportReporter -->
<testsuite hostname="Metalok" failures="0" tests="1" name="ways4OfCreatingPOST.UsingExternalFile" time="1.699" errors="0" timestamp="2024-04-24T22:54:13 IST" skipped="0">
  <testcase classname="ways4OfCreatingPOST.UsingExternalFile" name="externalFile" time="1.699"/>
</testsuite> <!-- ways4OfCreatingPOST.UsingExternalFile -->
