<?xml version="1.0" encoding="UTF-8"?>
<!-- Generated by org.testng.reporters.JUnitReportReporter -->
<testsuite hostname="Metalok" failures="0" tests="1" name="Practice.GetListOfUsers" time="1.821" errors="0" timestamp="2024-04-22T14:12:04 IST" skipped="0">
  <testcase classname="Practice.GetListOfUsers" name="listOfUsers" time="1.821"/>
</testsuite> <!-- Practice.GetListOfUsers -->
