<?xml version="1.0" encoding="UTF-8"?>
<!-- Generated by org.testng.reporters.JUnitReportReporter -->
<testsuite hostname="Metalok" failures="0" tests="2" name="Practice.HeadersInfo" time="1.873" errors="0" timestamp="2024-04-27T00:01:54 IST" skipped="0">
  <testcase classname="Practice.HeadersInfo" name="getHeaders" time="1.628"/>
  <testcase classname="Practice.HeadersInfo" name="validateHeaders" time="0.245"/>
</testsuite> <!-- Practice.HeadersInfo -->
