<?xml version="1.0" encoding="UTF-8"?>
<!-- Generated by org.testng.reporters.JUnitReportReporter -->
<testsuite hostname="Metalok" failures="0" tests="2" name="Practice.WaysOfCreatingPOSTRequest" time="3.666" errors="0" timestamp="2024-04-22T23:38:36 IST" skipped="0">
  <testcase classname="Practice.WaysOfCreatingPOSTRequest" name="usingHashMap" time="3.230"/>
  <testcase classname="Practice.WaysOfCreatingPOSTRequest" name="deleteUser" time="0.436"/>
</testsuite> <!-- Practice.WaysOfCreatingPOSTRequest -->
