<?xml version="1.0" encoding="UTF-8"?>
<!-- Generated by org.testng.reporters.JUnitReportReporter -->
<testsuite hostname="Metalok" failures="0" tests="2" name="ways4OfCreatingPOST.CreatePOSTRequestUsingPOJO" time="3.390" errors="0" timestamp="2024-04-24T22:57:23 IST" skipped="0">
  <testcase classname="ways4OfCreatingPOST.CreatePOSTRequestUsingPOJO" name="usingPOjo" time="3.011"/>
  <testcase classname="ways4OfCreatingPOST.CreatePOSTRequestUsingPOJO" name="deleteUser" time="0.379"/>
</testsuite> <!-- ways4OfCreatingPOST.CreatePOSTRequestUsingPOJO -->
