<?xml version="1.0" encoding="UTF-8"?>
<!-- Generated by org.testng.reporters.JUnitReportReporter -->
<testsuite hostname="Metalok" failures="0" tests="1" name="Practice.Path_Query" time="1.370" errors="0" timestamp="2024-04-24T23:26:41 IST" skipped="0">
  <testcase classname="Practice.Path_Query" name="PathandQuery" time="1.370"/>
</testsuite> <!-- Practice.Path_Query -->
