<?xml version="1.0" encoding="UTF-8"?>
<!-- Generated by org.testng.reporters.JUnitReportReporter -->
<testsuite hostname="Metalok" failures="0" tests="2" name="ways4OfCreatingPOST.CreatePOSTUsingJSONObject" time="3.031" errors="0" timestamp="2024-04-24T22:55:00 IST" skipped="0">
  <testcase classname="ways4OfCreatingPOST.CreatePOSTUsingJSONObject" name="createUser" time="2.369"/>
  <testcase classname="ways4OfCreatingPOST.CreatePOSTUsingJSONObject" name="deleteUser" time="0.662"/>
</testsuite> <!-- ways4OfCreatingPOST.CreatePOSTUsingJSONObject -->
